Using pre-set license
Built from '2021.3/staging' branch; Version is '2021.3.35f1 (157b46ce122a) revision 1407814'; Using compiler version '192829333'; Build Type 'Release'
OS: 'Windows 11  (10.0.26100) 64bit Enterprise' Language: 'en' Physical Memory: 16124 MB
BatchMode: 1, IsHumanControllingUs: 0, StartBugReporterOnCrash: 0, Is64bit: 1, IsPro: 1

COMMAND LINE ARGUMENTS:
C:\Program Files\Unity 2021.3.35f1\Editor\Unity.exe
-adb2
-batchMode
-noUpm
-name
AssetImportWorker1
-projectPath
C:/Users/Cagla/Documents/GitHub/CS426-Fall24/Project
-logFile
Logs/AssetImportWorker1.log
-srvPort
63760
Successfully changed project path to: C:/Users/Cagla/Documents/GitHub/CS426-Fall24/Project
C:/Users/Cagla/Documents/GitHub/CS426-Fall24/Project
[UnityMemory] Configuration Parameters - Can be set up in boot.config
    "memorysetup-bucket-allocator-granularity=16"
    "memorysetup-bucket-allocator-bucket-count=8"
    "memorysetup-bucket-allocator-block-size=33554432"
    "memorysetup-bucket-allocator-block-count=8"
    "memorysetup-main-allocator-block-size=16777216"
    "memorysetup-thread-allocator-block-size=16777216"
    "memorysetup-gfx-main-allocator-block-size=16777216"
    "memorysetup-gfx-thread-allocator-block-size=16777216"
    "memorysetup-cache-allocator-block-size=4194304"
    "memorysetup-typetree-allocator-block-size=2097152"
    "memorysetup-profiler-bucket-allocator-granularity=16"
    "memorysetup-profiler-bucket-allocator-bucket-count=8"
    "memorysetup-profiler-bucket-allocator-block-size=33554432"
    "memorysetup-profiler-bucket-allocator-block-count=8"
    "memorysetup-profiler-allocator-block-size=16777216"
    "memorysetup-profiler-editor-allocator-block-size=1048576"
    "memorysetup-temp-allocator-size-main=16777216"
    "memorysetup-job-temp-allocator-block-size=2097152"
    "memorysetup-job-temp-allocator-block-size-background=1048576"
    "memorysetup-job-temp-allocator-reduction-small-platforms=262144"
    "memorysetup-temp-allocator-size-background-worker=32768"
    "memorysetup-temp-allocator-size-job-worker=262144"
    "memorysetup-temp-allocator-size-preload-manager=33554432"
    "memorysetup-temp-allocator-size-nav-mesh-worker=65536"
    "memorysetup-temp-allocator-size-audio-worker=65536"
    "memorysetup-temp-allocator-size-cloud-worker=32768"
    "memorysetup-temp-allocator-size-gi-baking-worker=262144"
    "memorysetup-temp-allocator-size-gfx=262144"
Player connection [36204] Host "[IP] 10.200.52.55 [Port] 0 [Flags] 2 [Guid] 286525870 [EditorId] 286525870 [Version] 1048832 [Id] WindowsEditor(7,DESKTOP-K1RN0VR) [Debug] 1 [PackageName] WindowsEditor [ProjectName] Editor" joined multi-casting on [225.0.0.222:54997]...

Player connection [36204] Host "[IP] 10.200.52.55 [Port] 0 [Flags] 2 [Guid] 286525870 [EditorId] 286525870 [Version] 1048832 [Id] WindowsEditor(7,DESKTOP-K1RN0VR) [Debug] 1 [PackageName] WindowsEditor [ProjectName] Editor" joined alternative multi-casting on [225.0.0.222:34997]...

[Physics::Module] Initialized MultithreadedJobDispatcher with {0} workers.
Refreshing native plugins compatible for Editor in 41.37 ms, found 3 plugins.
Preloading 0 native plugins for Editor in 0.00 ms.
Initialize engine version: 2021.3.35f1 (157b46ce122a)
[Subsystems] Discovering subsystems at path C:/Program Files/Unity 2021.3.35f1/Editor/Data/Resources/UnitySubsystems
[Subsystems] Discovering subsystems at path C:/Users/Cagla/Documents/GitHub/CS426-Fall24/Project/Assets
GfxDevice: creating device client; threaded=0; jobified=0
Direct3D:
    Version:  Direct3D 11.0 [level 11.1]
    Renderer: NVIDIA GeForce RTX 4060 Laptop GPU (ID=0x28a0)
    Vendor:   NVIDIA
    VRAM:     7972 MB
    Driver:   31.0.15.4619
Initialize mono
Mono path[0] = 'C:/Program Files/Unity 2021.3.35f1/Editor/Data/Managed'
Mono path[1] = 'C:/Program Files/Unity 2021.3.35f1/Editor/Data/MonoBleedingEdge/lib/mono/unityjit-win32'
Mono config path = 'C:/Program Files/Unity 2021.3.35f1/Editor/Data/MonoBleedingEdge/etc'
Using monoOptions --debugger-agent=transport=dt_socket,embedding=1,server=y,suspend=n,address=127.0.0.1:56604
Begin MonoManager ReloadAssembly
Registering precompiled unity dll's ...
Register platform support module: C:/Program Files/Unity 2021.3.35f1/Editor/Data/PlaybackEngines/WindowsStandaloneSupport/UnityEditor.WindowsStandalone.Extensions.dll
Registered in 0.001752 seconds.
Native extension for WindowsStandalone target not found
Refreshing native plugins compatible for Editor in 42.65 ms, found 3 plugins.
Preloading 0 native plugins for Editor in 0.00 ms.
Mono: successfully reloaded assembly
- Completed reload, in  0.396 seconds
Domain Reload Profiling:
	ReloadAssembly (397ms)
		BeginReloadAssembly (62ms)
			ExecutionOrderSort (0ms)
			DisableScriptedObjects (0ms)
			BackupInstance (0ms)
			ReleaseScriptingObjects (0ms)
			CreateAndSetChildDomain (1ms)
		EndReloadAssembly (275ms)
			LoadAssemblies (61ms)
			RebuildTransferFunctionScriptingTraits (0ms)
			SetupTypeCache (67ms)
			ReleaseScriptCaches (0ms)
			RebuildScriptCaches (18ms)
			SetupLoadedEditorAssemblies (164ms)
				LogAssemblyErrors (0ms)
				InitializePlatformSupportModulesInManaged (5ms)
				SetLoadedEditorAssemblies (0ms)
				RefreshPlugins (43ms)
				BeforeProcessingInitializeOnLoad (1ms)
				ProcessInitializeOnLoadAttributes (85ms)
				ProcessInitializeOnLoadMethodAttributes (30ms)
				AfterProcessingInitializeOnLoad (0ms)
				EditorAssembliesLoaded (0ms)
			ExecutionOrderSort2 (0ms)
			AwakeInstancesAfterBackupRestoration (0ms)
Platform modules already initialized, skipping
Registering precompiled user dll's ...
Registered in 0.002581 seconds.
Begin MonoManager ReloadAssembly
Native extension for WindowsStandalone target not found
Refreshing native plugins compatible for Editor in 43.65 ms, found 3 plugins.
Preloading 0 native plugins for Editor in 0.00 ms.
Package Manager log level set to [2]
[Package Manager] Server::EnsureServerProcessIsRunning -- launch failed, reason: Unity was launched with the -noUpm command-line argument
[Package Manager] Cannot connect to Unity Package Manager local server
Mono: successfully reloaded assembly
- Completed reload, in  1.050 seconds
Domain Reload Profiling:
	ReloadAssembly (1051ms)
		BeginReloadAssembly (81ms)
			ExecutionOrderSort (0ms)
			DisableScriptedObjects (4ms)
			BackupInstance (0ms)
			ReleaseScriptingObjects (0ms)
			CreateAndSetChildDomain (12ms)
		EndReloadAssembly (907ms)
			LoadAssemblies (60ms)
			RebuildTransferFunctionScriptingTraits (0ms)
			SetupTypeCache (166ms)
			ReleaseScriptCaches (0ms)
			RebuildScriptCaches (33ms)
			SetupLoadedEditorAssemblies (637ms)
				LogAssemblyErrors (0ms)
				InitializePlatformSupportModulesInManaged (3ms)
				SetLoadedEditorAssemblies (0ms)
				RefreshPlugins (44ms)
				BeforeProcessingInitializeOnLoad (44ms)
				ProcessInitializeOnLoadAttributes (531ms)
				ProcessInitializeOnLoadMethodAttributes (13ms)
				AfterProcessingInitializeOnLoad (3ms)
				EditorAssembliesLoaded (0ms)
			ExecutionOrderSort2 (0ms)
			AwakeInstancesAfterBackupRestoration (4ms)
Platform modules already initialized, skipping
========================================================================
Worker process is ready to serve import requests
Launched and connected shader compiler UnityShaderCompiler.exe after 0.02 seconds
Refreshing native plugins compatible for Editor in 0.51 ms, found 3 plugins.
Preloading 0 native plugins for Editor in 0.00 ms.
Unloading 3456 Unused Serialized files (Serialized files now loaded: 0)
Unloading 26 unused Assets / (47.3 KB). Loaded Objects now: 3919.
Memory consumption went from 124.0 MB to 124.0 MB.
Total: 3.287000 ms (FindLiveObjects: 0.190000 ms CreateObjectMapping: 0.062200 ms MarkObjects: 2.929500 ms  DeleteObjects: 0.104500 ms)

AssetImportParameters requested are different than current active one (requested -> active):
  custom:video-decoder-ogg-theora: a1e56fd34408186e4bbccfd4996cb3dc -> 
  custom:container-muxer-webm: aa71ff27fc2769a1b78a27578f13a17b -> 
  custom:container-demuxer-webm: 4f35f7cbe854078d1ac9338744f61a02 -> 
  custom:video-encoder-webm-vp8: eb34c28f22e8b96e1ab97ce403110664 -> 
  custom:video-codec-MediaFoundation-h265: 746d11721c4dcdbdad8f713fa42b33f4 -> 
  custom:CustomObjectIndexerAttribute: bc11b3a6c3213fcdd17b65e7da85e133 -> 
  custom:audio-encoder-webm-vorbis: bf7c407c2cedff20999df2af8eb42d56 -> 
  custom:framework-win-MediaFoundation: 216162199b28c13a410421893ffa2e32 -> 
  custom:SearchIndexIgnoredProperties: e643bd26f0fe6173181afceb89e7c659 -> 
  custom:container-demuxer-ogg: 62fdf1f143b41e24485cea50d1cbac27 -> 
  custom:video-decoder-webm-vp8: 9c59270c3fd7afecdb556c50c9e8de78 -> 
  custom:audio-decoder-ogg-vorbis: bf7c407c2cedff20999df2af8eb42d56 -> 
========================================================================
Received Import Request.
  Time since last request: 394221.213343 seconds.
  path: Assets/Bed/bed.blend
  artifactKey: Guid(99d57a5cc55317b4782d08ad10e3d390) Importer(815301076,1909f56bfc062723c751e8b465ee728b)
Number of updated assets reloaded before import = 0
Start importing Assets/Bed/bed.blend using Guid(99d57a5cc55317b4782d08ad10e3d390) Importer(815301076,1909f56bfc062723c751e8b465ee728b)  -> (artifact id: '7bdd131ead8bdf30abf77a21f34af5f3') in 0.231018 seconds 
Number of asset objects unloaded after import = 57
========================================================================
Received Import Request.
  Time since last request: 32.632479 seconds.
  path: Assets/old Kitchen/Trowel/Trowel_diffuse.png
  artifactKey: Guid(576e7aa15d1943d4a8f1238996916086) Importer(815301076,1909f56bfc062723c751e8b465ee728b)
Number of updated assets reloaded before import = 0
Start importing Assets/old Kitchen/Trowel/Trowel_diffuse.png using Guid(576e7aa15d1943d4a8f1238996916086) Importer(815301076,1909f56bfc062723c751e8b465ee728b)  -> (artifact id: '1dbd5f5d491e1e09008f35692054c31e') in 0.082593 seconds 
Number of asset objects unloaded after import = 2
========================================================================
Received Import Request.
  Time since last request: 0.000020 seconds.
  path: Assets/old Kitchen/Trowel/Trowel_specular.png
  artifactKey: Guid(69042fecf0b978f4c998fc33b2172bbd) Importer(815301076,1909f56bfc062723c751e8b465ee728b)
Number of updated assets reloaded before import = 0
Start importing Assets/old Kitchen/Trowel/Trowel_specular.png using Guid(69042fecf0b978f4c998fc33b2172bbd) Importer(815301076,1909f56bfc062723c751e8b465ee728b)  -> (artifact id: 'ed65adc350e4cf6f3be4e54503c005f4') in 0.025374 seconds 
Number of asset objects unloaded after import = 2
========================================================================
Received Import Request.
  Time since last request: 7.473760 seconds.
  path: Assets/old Kitchen/Pot/Pot_normal.png
  artifactKey: Guid(3b207a1855104964f9a927e31fa19c07) Importer(815301076,1909f56bfc062723c751e8b465ee728b)
Number of updated assets reloaded before import = 0
Start importing Assets/old Kitchen/Pot/Pot_normal.png using Guid(3b207a1855104964f9a927e31fa19c07) Importer(815301076,1909f56bfc062723c751e8b465ee728b)  -> (artifact id: '3777cf8ba7cd585609f77ab4d98c4094') in 0.041057 seconds 
Number of asset objects unloaded after import = 2
========================================================================
Received Import Request.
  Time since last request: 4.398983 seconds.
  path: Assets/old Kitchen/Plate/Plate_normal.png
  artifactKey: Guid(bbfd1f1f186a06f458703c093a359238) Importer(815301076,1909f56bfc062723c751e8b465ee728b)
Number of updated assets reloaded before import = 0
Start importing Assets/old Kitchen/Plate/Plate_normal.png using Guid(bbfd1f1f186a06f458703c093a359238) Importer(815301076,1909f56bfc062723c751e8b465ee728b)  -> (artifact id: 'f3186c636a08f00e080ba03d7fc803ed') in 0.052808 seconds 
Number of asset objects unloaded after import = 2
========================================================================
Received Import Request.
  Time since last request: 0.000020 seconds.
  path: Assets/old Kitchen/Plate/Plate_specular.png
  artifactKey: Guid(b307c3026ed2b4e499dc862056382265) Importer(815301076,1909f56bfc062723c751e8b465ee728b)
Number of updated assets reloaded before import = 0
Start importing Assets/old Kitchen/Plate/Plate_specular.png using Guid(b307c3026ed2b4e499dc862056382265) Importer(815301076,1909f56bfc062723c751e8b465ee728b)  -> (artifact id: 'ea4aa273106df6257aef17a57a709feb') in 0.036116 seconds 
Number of asset objects unloaded after import = 2
========================================================================
Received Import Request.
  Time since last request: 12.672083 seconds.
  path: Assets/old Kitchen/Jug/Jug_diffuse.png
  artifactKey: Guid(9779f9ad7b3d7a54f998ab77fe2a87eb) Importer(815301076,1909f56bfc062723c751e8b465ee728b)
Number of updated assets reloaded before import = 0
Start importing Assets/old Kitchen/Jug/Jug_diffuse.png using Guid(9779f9ad7b3d7a54f998ab77fe2a87eb) Importer(815301076,1909f56bfc062723c751e8b465ee728b)  -> (artifact id: 'fa4e5d952471a3ee9454ed8af261f42a') in 0.047082 seconds 
Number of asset objects unloaded after import = 2
========================================================================
Received Import Request.
  Time since last request: 0.000015 seconds.
  path: Assets/old Kitchen/Jug/Jug_normal.png
  artifactKey: Guid(30a96ad27bcb9414e93bc5befc62c231) Importer(815301076,1909f56bfc062723c751e8b465ee728b)
Number of updated assets reloaded before import = 0
Start importing Assets/old Kitchen/Jug/Jug_normal.png using Guid(30a96ad27bcb9414e93bc5befc62c231) Importer(815301076,1909f56bfc062723c751e8b465ee728b)  -> (artifact id: '54c67fde6f04e1e17640bd1ebd4b78e5') in 0.031045 seconds 
Number of asset objects unloaded after import = 2
========================================================================
Received Import Request.
  Time since last request: 0.000015 seconds.
  path: Assets/old Kitchen/Jug/Jug_specular.png
  artifactKey: Guid(2537aff20596eb04e928e085259aacc5) Importer(815301076,1909f56bfc062723c751e8b465ee728b)
Number of updated assets reloaded before import = 0
Start importing Assets/old Kitchen/Jug/Jug_specular.png using Guid(2537aff20596eb04e928e085259aacc5) Importer(815301076,1909f56bfc062723c751e8b465ee728b)  -> (artifact id: '0df8186652a6893fa69afdd2876b1c92') in 0.026417 seconds 
Number of asset objects unloaded after import = 2
========================================================================
Received Import Request.
  Time since last request: 5.530380 seconds.
  path: Assets/old Kitchen/Cup/Cup_diffuse.png
  artifactKey: Guid(a603ec048b013064fbf38214a463feeb) Importer(815301076,1909f56bfc062723c751e8b465ee728b)
Number of updated assets reloaded before import = 0
Start importing Assets/old Kitchen/Cup/Cup_diffuse.png using Guid(a603ec048b013064fbf38214a463feeb) Importer(815301076,1909f56bfc062723c751e8b465ee728b)  -> (artifact id: '2ea0d2d85a0d87d5bf5ddfd93351e6ce') in 0.045694 seconds 
Number of asset objects unloaded after import = 2
========================================================================
Received Import Request.
  Time since last request: 0.000016 seconds.
  path: Assets/old Kitchen/Cup/Cup_normal.png
  artifactKey: Guid(40811fd2ffdb33d459cf30d1866dfdae) Importer(815301076,1909f56bfc062723c751e8b465ee728b)
Number of updated assets reloaded before import = 0
Start importing Assets/old Kitchen/Cup/Cup_normal.png using Guid(40811fd2ffdb33d459cf30d1866dfdae) Importer(815301076,1909f56bfc062723c751e8b465ee728b)  -> (artifact id: 'be78956dcc8600d7ba8978ca914ae7cc') in 0.049976 seconds 
Number of asset objects unloaded after import = 2
========================================================================
Received Import Request.
  Time since last request: 0.000024 seconds.
  path: Assets/old Kitchen/Cup/Cup_specular.png
  artifactKey: Guid(f1833b9b0ca618a4d8ca31a8b990c0c0) Importer(815301076,1909f56bfc062723c751e8b465ee728b)
Number of updated assets reloaded before import = 0
Start importing Assets/old Kitchen/Cup/Cup_specular.png using Guid(f1833b9b0ca618a4d8ca31a8b990c0c0) Importer(815301076,1909f56bfc062723c751e8b465ee728b)  -> (artifact id: '5b78e719225fe90cf2298247513bf36c') in 0.027239 seconds 
Number of asset objects unloaded after import = 2
========================================================================
Received Import Request.
  Time since last request: 5.607907 seconds.
  path: Assets/old Kitchen/_Prefabs/Cup.prefab
  artifactKey: Guid(91d5d0b058046fc4c92b4e52c895f6dd) Importer(815301076,1909f56bfc062723c751e8b465ee728b)
Number of updated assets reloaded before import = 0
Start importing Assets/old Kitchen/_Prefabs/Cup.prefab using Guid(91d5d0b058046fc4c92b4e52c895f6dd) Importer(815301076,1909f56bfc062723c751e8b465ee728b)  -> (artifact id: '1b3a0f810be5147717c67adf23ce92ee') in 0.042298 seconds 
Number of asset objects unloaded after import = 13
========================================================================
Received Import Request.
  Time since last request: 0.000022 seconds.
  path: Assets/old Kitchen/_Prefabs/Plate.prefab
  artifactKey: Guid(f21f9100e9f895143be4a4d4bcea9dbb) Importer(815301076,1909f56bfc062723c751e8b465ee728b)
Number of updated assets reloaded before import = 0
Start importing Assets/old Kitchen/_Prefabs/Plate.prefab using Guid(f21f9100e9f895143be4a4d4bcea9dbb) Importer(815301076,1909f56bfc062723c751e8b465ee728b)  -> (artifact id: 'b791ef2cc531a50700f4590fd8cd56ed') in 0.004499 seconds 
Number of asset objects unloaded after import = 8
========================================================================
Received Import Request.
  Time since last request: 0.000013 seconds.
  path: Assets/old Kitchen/_Prefabs/Jug.prefab
  artifactKey: Guid(1e9a249ee78bab749abb045aa070592e) Importer(815301076,1909f56bfc062723c751e8b465ee728b)
Number of updated assets reloaded before import = 0
Start importing Assets/old Kitchen/_Prefabs/Jug.prefab using Guid(1e9a249ee78bab749abb045aa070592e) Importer(815301076,1909f56bfc062723c751e8b465ee728b)  -> (artifact id: '60908c8a4f5af5ed4a3274e0ceb85686') in 0.002727 seconds 
Number of asset objects unloaded after import = 8
========================================================================
Received Import Request.
  Time since last request: 0.010893 seconds.
  path: Assets/old Kitchen/_Prefabs/Trowel.prefab
  artifactKey: Guid(7518b20e45f0bb64095c73429f5c55e7) Importer(815301076,1909f56bfc062723c751e8b465ee728b)
Number of updated assets reloaded before import = 0
Start importing Assets/old Kitchen/_Prefabs/Trowel.prefab using Guid(7518b20e45f0bb64095c73429f5c55e7) Importer(815301076,1909f56bfc062723c751e8b465ee728b)  -> (artifact id: '55ca977764bfef5ae2afb35b406b4d97') in 0.009379 seconds 
Number of asset objects unloaded after import = 8
Editor requested this worker to shutdown with reason: Scaling down because of idle timeout
AssetImportWorkerClient::OnTransportError - code=2 error=End of file
AssetImportWorker is now disconnected from the server
Process exiting
Exiting without the bug reporter. Application will terminate with return code 0